<?xml version="1.0" encoding="UTF-8"?>
<!-- Generated by org.testng.reporters.JUnitXMLReporter -->
<testsuite ignored="0" hostname="user" failures="0" tests="2" name="Default test" time="24.321" errors="0" timestamp="2024-05-04T12:42:43 MDT">
  <testcase classname="com.firstframework.hamneet.Tests.OrangeHRMTest" name="testLoginUsingValidCredentials" time="14.469"/>
  <testcase classname="com.firstframework.hamneet.Tests.OrangeHRMTest" name="validateDragAndDropFunctionality" time="0.546"/>
</testsuite> <!-- Default test -->
