<?xml version="1.0" encoding="UTF-8"?>
<!-- Generated by org.testng.reporters.JUnitXMLReporter -->
<testsuite ignored="0" hostname="user" failures="1" tests="1" name="Test1" time="0.076" errors="0" timestamp="2024-05-04T12:02:14 MDT">
  <testcase classname="com.firstframework.hamneet.Tests.OrangeHRMTest" name="testLoginUsingValidCredentials" time="0.009">
    <failure type="java.lang.NullPointerException" message="Cannot invoke &amp;quot;com.firstframework.hamneet.pages.AutomationTestingPractice.practicePortal()&amp;quot; because &amp;quot;this.automationTesting&amp;quot; is null">
      <![CDATA[java.lang.NullPointerException: Cannot invoke "com.firstframework.hamneet.pages.AutomationTestingPractice.practicePortal()" because "this.automationTesting" is null
at com.firstframework.hamneet.Tests.OrangeHRMTest.testLoginUsingValidCredentials(OrangeHRMTest.java:25)
at java.base/java.util.ArrayList.forEach(ArrayList.java:1511)
... Removed 27 stack frames]]>
    </failure>
  </testcase> <!-- testLoginUsingValidCredentials -->
</testsuite> <!-- Test1 -->
