<?xml version="1.0" encoding="UTF-8"?>
<!-- Generated by org.testng.reporters.JUnitXMLReporter -->
<testsuite ignored="0" hostname="user" failures="0" tests="2" name="Test" time="18.385" errors="0" timestamp="2024-05-04T22:06:19 MDT">
  <testcase classname="com.firstframework.hamneet.Tests.OrangeHRMTest" name="testLoginUsingValidCredentials" time="7.442"/>
  <testcase classname="com.firstframework.hamneet.Tests.OrangeHRMTest" name="validateDragAndDropFunctionality" time="0.485"/>
</testsuite> <!-- Test -->
