<?xml version="1.0" encoding="UTF-8"?>
<testng-results ignored="0" total="2" passed="2" failed="0" skipped="0">
  <reporter-output>
  </reporter-output>
  <suite started-at="2024-05-04T22:06:01 MDT" name="Suite" finished-at="2024-05-04T22:06:19 MDT" duration-ms="18385">
    <groups>
      <group name="Regression">
        <method signature="OrangeHRMTest.validateDragAndDropFunctionality()[pri:0, instance:com.firstframework.hamneet.Tests.OrangeHRMTest@2ea41516]" name="validateDragAndDropFunctionality" class="com.firstframework.hamneet.Tests.OrangeHRMTest"/>
      </group> <!-- Regression -->
      <group name="Smoke">
        <method signature="OrangeHRMTest.testLoginUsingValidCredentials()[pri:0, instance:com.firstframework.hamneet.Tests.OrangeHRMTest@2ea41516]" name="testLoginUsingValidCredentials" class="com.firstframework.hamneet.Tests.OrangeHRMTest"/>
      </group> <!-- Smoke -->
    </groups>
    <test started-at="2024-05-04T22:06:01 MDT" name="Test" finished-at="2024-05-04T22:06:19 MDT" duration-ms="18385">
      <class name="com.firstframework.hamneet.Tests.OrangeHRMTest">
        <test-method is-config="true" signature="setUpLogger()[pri:0, instance:com.firstframework.hamneet.Tests.OrangeHRMTest@2ea41516]" started-at="2024-05-04T22:06:01 MDT" name="setUpLogger" finished-at="2024-05-04T22:06:01 MDT" duration-ms="192" status="PASS">
          <reporter-output>
          </reporter-output>
        </test-method> <!-- setUpLogger -->
        <test-method is-config="true" signature="setUp()[pri:0, instance:com.firstframework.hamneet.Tests.OrangeHRMTest@2ea41516]" started-at="2024-05-04T22:06:01 MDT" name="setUp" finished-at="2024-05-04T22:06:07 MDT" duration-ms="5922" status="PASS">
          <reporter-output>
          </reporter-output>
        </test-method> <!-- setUp -->
        <test-method signature="testLoginUsingValidCredentials()[pri:0, instance:com.firstframework.hamneet.Tests.OrangeHRMTest@2ea41516]" started-at="2024-05-04T22:06:07 MDT" name="testLoginUsingValidCredentials" finished-at="2024-05-04T22:06:15 MDT" duration-ms="7442" status="PASS">
          <reporter-output>
          </reporter-output>
        </test-method> <!-- testLoginUsingValidCredentials -->
        <test-method is-config="true" signature="quit()[pri:0, instance:com.firstframework.hamneet.Tests.OrangeHRMTest@2ea41516]" started-at="2024-05-04T22:06:15 MDT" name="quit" finished-at="2024-05-04T22:06:15 MDT" duration-ms="432" status="PASS">
          <reporter-output>
          </reporter-output>
        </test-method> <!-- quit -->
        <test-method is-config="true" signature="setUp()[pri:0, instance:com.firstframework.hamneet.Tests.OrangeHRMTest@2ea41516]" started-at="2024-05-04T22:06:15 MDT" name="setUp" finished-at="2024-05-04T22:06:19 MDT" duration-ms="3497" status="PASS">
          <reporter-output>
          </reporter-output>
        </test-method> <!-- setUp -->
        <test-method signature="validateDragAndDropFunctionality()[pri:0, instance:com.firstframework.hamneet.Tests.OrangeHRMTest@2ea41516]" started-at="2024-05-04T22:06:19 MDT" name="validateDragAndDropFunctionality" finished-at="2024-05-04T22:06:19 MDT" duration-ms="485" status="PASS">
          <reporter-output>
          </reporter-output>
        </test-method> <!-- validateDragAndDropFunctionality -->
        <test-method is-config="true" signature="quit()[pri:0, instance:com.firstframework.hamneet.Tests.OrangeHRMTest@2ea41516]" started-at="2024-05-04T22:06:19 MDT" name="quit" finished-at="2024-05-04T22:06:19 MDT" duration-ms="362" status="PASS">
          <reporter-output>
          </reporter-output>
        </test-method> <!-- quit -->
      </class> <!-- com.firstframework.hamneet.Tests.OrangeHRMTest -->
    </test> <!-- Test -->
  </suite> <!-- Suite -->
</testng-results>
